app/build/intermediates/manifest_merge_blame_file/debug/manifest-merger-blame-debug-report.txt
1<?xml version="1.0" encoding="utf-8"?>
2<manifest xmlns:android="http://schemas.android.com/apk/res/android"
3    xmlns:dist="http://schemas.android.com/apk/distribution"
4    package="org.tensorflow.lite.examples.imageclassification"
5    android:versionCode="1"
6    android:versionName="1.0" >
7
8    <uses-sdk
9        android:minSdkVersion="23"
10        android:targetSdkVersion="34" />
11    <!-- Enable instant app support -->
12    <dist:module dist:instant="true" /> <!-- Declare features -->
12-->src\main\AndroidManifest.xml:7:5-40
12-->src\main\AndroidManifest.xml:7:18-37
13    <uses-feature
13-->src\main\AndroidManifest.xml:8:5-10:35
14        android:name="android.hardware.camera"
14-->src\main\AndroidManifest.xml:9:9-47
15        android:required="true" /> <!-- Declare permissions -->
15-->src\main\AndroidManifest.xml:10:9-32
16    <uses-permission android:name="android.permission.CAMERA" />
16-->src\main\AndroidManifest.xml:11:5-65
16-->src\main\AndroidManifest.xml:11:22-62
17    <uses-permission android:name="android.permission.READ_MEDIA_IMAGES" />
17-->src\main\AndroidManifest.xml:12:5-76
17-->src\main\AndroidManifest.xml:12:22-73
18    <uses-permission android:name="android.permission.INTERNET" />
18-->src\main\AndroidManifest.xml:13:5-67
18-->src\main\AndroidManifest.xml:13:22-64
19    <uses-permission android:name="android.permission.RECORD_AUDIO" />
19-->src\main\AndroidManifest.xml:14:5-70
19-->src\main\AndroidManifest.xml:14:22-68
20    <uses-permission android:name="android.permission.ACCESS_NETWORK_STATE" />
20-->[com.google.firebase:firebase-auth:22.3.1] AndroidManifest.xml:26:5-79
20-->[com.google.firebase:firebase-auth:22.3.1] AndroidManifest.xml:26:22-76
21    <uses-permission android:name="com.google.android.providers.gsf.permission.READ_GSERVICES" />
21-->[com.google.android.recaptcha:recaptcha:18.4.0] AndroidManifest.xml:9:5-98
21-->[com.google.android.recaptcha:recaptcha:18.4.0] AndroidManifest.xml:9:22-95
22
23    <permission
23-->[androidx.core:core:1.9.0] AndroidManifest.xml:22:5-24:47
24        android:name="org.tensorflow.lite.examples.imageclassification.DYNAMIC_RECEIVER_NOT_EXPORTED_PERMISSION"
24-->[androidx.core:core:1.9.0] AndroidManifest.xml:23:9-81
25        android:protectionLevel="signature" />
25-->[androidx.core:core:1.9.0] AndroidManifest.xml:24:9-44
26
27    <uses-permission android:name="org.tensorflow.lite.examples.imageclassification.DYNAMIC_RECEIVER_NOT_EXPORTED_PERMISSION" />
27-->[androidx.core:core:1.9.0] AndroidManifest.xml:26:5-97
27-->[androidx.core:core:1.9.0] AndroidManifest.xml:26:22-94
28    <uses-permission android:name="android.permission.WRITE_EXTERNAL_STORAGE" />
29    <uses-permission android:name="android.permission.READ_PHONE_STATE" />
30    <uses-permission android:name="android.permission.READ_EXTERNAL_STORAGE" />
31
32    <uses-feature
32-->[com.journeyapps:zxing-android-embedded:4.3.0] AndroidManifest.xml:28:5-30:36
33        android:name="android.hardware.camera.front"
33-->[com.journeyapps:zxing-android-embedded:4.3.0] AndroidManifest.xml:29:9-53
34        android:required="false" /> <!-- TODO replace above two with next line after Android 4.2 -->
34-->[com.journeyapps:zxing-android-embedded:4.3.0] AndroidManifest.xml:30:9-33
35    <!-- <uses-feature android:name="android.hardware.camera.any"/> -->
36    <uses-feature
36-->[com.journeyapps:zxing-android-embedded:4.3.0] AndroidManifest.xml:33:5-35:36
37        android:name="android.hardware.camera.autofocus"
37-->[com.journeyapps:zxing-android-embedded:4.3.0] AndroidManifest.xml:34:9-57
38        android:required="false" />
38-->[com.journeyapps:zxing-android-embedded:4.3.0] AndroidManifest.xml:35:9-33
39    <uses-feature
39-->[com.journeyapps:zxing-android-embedded:4.3.0] AndroidManifest.xml:36:5-38:36
40        android:name="android.hardware.camera.flash"
40-->[com.journeyapps:zxing-android-embedded:4.3.0] AndroidManifest.xml:37:9-53
41        android:required="false" />
41-->[com.journeyapps:zxing-android-embedded:4.3.0] AndroidManifest.xml:38:9-33
42    <uses-feature
42-->[com.journeyapps:zxing-android-embedded:4.3.0] AndroidManifest.xml:39:5-41:36
43        android:name="android.hardware.screen.landscape"
43-->[com.journeyapps:zxing-android-embedded:4.3.0] AndroidManifest.xml:40:9-57
44        android:required="false" />
44-->[com.journeyapps:zxing-android-embedded:4.3.0] AndroidManifest.xml:41:9-33
45    <uses-feature
45-->[com.journeyapps:zxing-android-embedded:4.3.0] AndroidManifest.xml:42:5-44:36
46        android:name="android.hardware.wifi"
46-->[com.journeyapps:zxing-android-embedded:4.3.0] AndroidManifest.xml:43:9-45
47        android:required="false" />
47-->[com.journeyapps:zxing-android-embedded:4.3.0] AndroidManifest.xml:44:9-33
48
49    <application
49-->src\main\AndroidManifest.xml:16:5-48:19
50        android:allowBackup="true"
50-->src\main\AndroidManifest.xml:17:9-35
51        android:appComponentFactory="androidx.core.app.CoreComponentFactory"
51-->[androidx.core:core:1.9.0] AndroidManifest.xml:28:18-86
52        android:debuggable="true"
53        android:extractNativeLibs="false"
54        android:icon="@mipmap/ic_launcher"
54-->src\main\AndroidManifest.xml:18:9-43
55        android:label="@string/app_name"
55-->src\main\AndroidManifest.xml:19:9-41
56        android:roundIcon="@mipmap/ic_launcher_round"
56-->src\main\AndroidManifest.xml:20:9-54
57        android:supportsRtl="true"
57-->src\main\AndroidManifest.xml:21:9-35
58        android:taskAffinity=""
58-->src\main\AndroidManifest.xml:22:9-32
59        android:testOnly="true"
60        android:theme="@style/AppTheme"
60-->src\main\AndroidManifest.xml:23:9-40
61        android:usesCleartextTraffic="true" >
61-->src\main\AndroidManifest.xml:24:9-44
62        <activity
62-->src\main\AndroidManifest.xml:27:9-47:20
63            android:name="org.tensorflow.lite.examples.imageclassification.MainActivity"
63-->src\main\AndroidManifest.xml:28:13-41
64            android:clearTaskOnLaunch="true"
64-->src\main\AndroidManifest.xml:29:13-45
65            android:configChanges="orientation|screenLayout|screenSize|smallestScreenSize"
65-->src\main\AndroidManifest.xml:30:13-91
66            android:exported="true"
66-->src\main\AndroidManifest.xml:31:13-36
67            android:resizeableActivity="true"
67-->src\main\AndroidManifest.xml:32:13-46
68            android:rotationAnimation="seamless" >
68-->src\main\AndroidManifest.xml:33:13-49
69
70            <!-- Main app intent filter -->
71            <intent-filter>
71-->src\main\AndroidManifest.xml:37:13-41:29
72                <action android:name="android.intent.action.MAIN" />
72-->src\main\AndroidManifest.xml:38:17-69
72-->src\main\AndroidManifest.xml:38:25-66
73
74                <category android:name="android.intent.category.LAUNCHER" />
74-->src\main\AndroidManifest.xml:40:17-77
74-->src\main\AndroidManifest.xml:40:27-74
75            </intent-filter>
76
77            <!-- Declare notch support -->
78            <meta-data
78-->src\main\AndroidManifest.xml:44:13-46:40
79                android:name="android.notch_support"
79-->src\main\AndroidManifest.xml:45:17-53
80                android:value="true" />
80-->src\main\AndroidManifest.xml:46:17-37
81        </activity>
82        <activity
82-->[com.google.firebase:firebase-auth:22.3.1] AndroidManifest.xml:29:9-46:20
83            android:name="com.google.firebase.auth.internal.GenericIdpActivity"
83-->[com.google.firebase:firebase-auth:22.3.1] AndroidManifest.xml:30:13-80
84            android:excludeFromRecents="true"
84-->[com.google.firebase:firebase-auth:22.3.1] AndroidManifest.xml:31:13-46
85            android:exported="true"
85-->[com.google.firebase:firebase-auth:22.3.1] AndroidManifest.xml:32:13-36
86            android:launchMode="singleTask"
86-->[com.google.firebase:firebase-auth:22.3.1] AndroidManifest.xml:33:13-44
87            android:theme="@android:style/Theme.Translucent.NoTitleBar" >
87-->[com.google.firebase:firebase-auth:22.3.1] AndroidManifest.xml:34:13-72
88            <intent-filter>
88-->[com.google.firebase:firebase-auth:22.3.1] AndroidManifest.xml:35:13-45:29
89                <action android:name="android.intent.action.VIEW" />
89-->[com.google.firebase:firebase-auth:22.3.1] AndroidManifest.xml:36:17-69
89-->[com.google.firebase:firebase-auth:22.3.1] AndroidManifest.xml:36:25-66
90
91                <category android:name="android.intent.category.DEFAULT" />
91-->[com.google.firebase:firebase-auth:22.3.1] AndroidManifest.xml:38:17-76
91-->[com.google.firebase:firebase-auth:22.3.1] AndroidManifest.xml:38:27-73
92                <category android:name="android.intent.category.BROWSABLE" />
92-->[com.google.firebase:firebase-auth:22.3.1] AndroidManifest.xml:39:17-78
92-->[com.google.firebase:firebase-auth:22.3.1] AndroidManifest.xml:39:27-75
93
94                <data
94-->[com.google.firebase:firebase-auth:22.3.1] AndroidManifest.xml:41:17-44:51
95                    android:host="firebase.auth"
95-->[com.google.firebase:firebase-auth:22.3.1] AndroidManifest.xml:42:21-49
96                    android:path="/"
96-->[com.google.firebase:firebase-auth:22.3.1] AndroidManifest.xml:43:21-37
97                    android:scheme="genericidp" />
97-->[com.google.firebase:firebase-auth:22.3.1] AndroidManifest.xml:44:21-48
98            </intent-filter>
99        </activity>
100        <activity
100-->[com.google.firebase:firebase-auth:22.3.1] AndroidManifest.xml:47:9-64:20
101            android:name="com.google.firebase.auth.internal.RecaptchaActivity"
101-->[com.google.firebase:firebase-auth:22.3.1] AndroidManifest.xml:48:13-79
102            android:excludeFromRecents="true"
102-->[com.google.firebase:firebase-auth:22.3.1] AndroidManifest.xml:49:13-46
103            android:exported="true"
103-->[com.google.firebase:firebase-auth:22.3.1] AndroidManifest.xml:50:13-36
104            android:launchMode="singleTask"
104-->[com.google.firebase:firebase-auth:22.3.1] AndroidManifest.xml:51:13-44
105            android:theme="@android:style/Theme.Translucent.NoTitleBar" >
105-->[com.google.firebase:firebase-auth:22.3.1] AndroidManifest.xml:52:13-72
106            <intent-filter>
106-->[com.google.firebase:firebase-auth:22.3.1] AndroidManifest.xml:53:13-63:29
107                <action android:name="android.intent.action.VIEW" />
107-->[com.google.firebase:firebase-auth:22.3.1] AndroidManifest.xml:36:17-69
107-->[com.google.firebase:firebase-auth:22.3.1] AndroidManifest.xml:36:25-66
108
109                <category android:name="android.intent.category.DEFAULT" />
109-->[com.google.firebase:firebase-auth:22.3.1] AndroidManifest.xml:38:17-76
109-->[com.google.firebase:firebase-auth:22.3.1] AndroidManifest.xml:38:27-73
110                <category android:name="android.intent.category.BROWSABLE" />
110-->[com.google.firebase:firebase-auth:22.3.1] AndroidManifest.xml:39:17-78
110-->[com.google.firebase:firebase-auth:22.3.1] AndroidManifest.xml:39:27-75
111
112                <data
112-->[com.google.firebase:firebase-auth:22.3.1] AndroidManifest.xml:41:17-44:51
113                    android:host="firebase.auth"
113-->[com.google.firebase:firebase-auth:22.3.1] AndroidManifest.xml:42:21-49
114                    android:path="/"
114-->[com.google.firebase:firebase-auth:22.3.1] AndroidManifest.xml:43:21-37
115                    android:scheme="recaptcha" />
115-->[com.google.firebase:firebase-auth:22.3.1] AndroidManifest.xml:44:21-48
116            </intent-filter>
117        </activity>
118
119        <service
119-->[com.google.firebase:firebase-auth:22.3.1] AndroidManifest.xml:66:9-72:19
120            android:name="com.google.firebase.components.ComponentDiscoveryService"
120-->[com.google.firebase:firebase-auth:22.3.1] AndroidManifest.xml:67:13-84
121            android:directBootAware="true"
121-->[com.google.firebase:firebase-common:20.4.2] AndroidManifest.xml:32:13-43
122            android:exported="false" >
122-->[com.google.firebase:firebase-auth:22.3.1] AndroidManifest.xml:68:13-37
123            <meta-data
123-->[com.google.firebase:firebase-auth:22.3.1] AndroidManifest.xml:69:13-71:85
124                android:name="com.google.firebase.components:com.google.firebase.auth.FirebaseAuthRegistrar"
124-->[com.google.firebase:firebase-auth:22.3.1] AndroidManifest.xml:70:17-109
125                android:value="com.google.firebase.components.ComponentRegistrar" />
125-->[com.google.firebase:firebase-auth:22.3.1] AndroidManifest.xml:71:17-82
126            <meta-data
126-->[com.google.firebase:firebase-firestore:24.10.1] AndroidManifest.xml:17:13-19:85
127                android:name="com.google.firebase.components:com.google.firebase.firestore.FirebaseFirestoreKtxRegistrar"
127-->[com.google.firebase:firebase-firestore:24.10.1] AndroidManifest.xml:18:17-122
128                android:value="com.google.firebase.components.ComponentRegistrar" />
128-->[com.google.firebase:firebase-firestore:24.10.1] AndroidManifest.xml:19:17-82
129            <meta-data
129-->[com.google.firebase:firebase-firestore:24.10.1] AndroidManifest.xml:20:13-22:85
130                android:name="com.google.firebase.components:com.google.firebase.firestore.FirestoreRegistrar"
130-->[com.google.firebase:firebase-firestore:24.10.1] AndroidManifest.xml:21:17-111
131                android:value="com.google.firebase.components.ComponentRegistrar" />
131-->[com.google.firebase:firebase-firestore:24.10.1] AndroidManifest.xml:22:17-82
132            <meta-data
132-->[com.google.firebase:firebase-common-ktx:20.4.2] AndroidManifest.xml:12:13-14:85
133                android:name="com.google.firebase.components:com.google.firebase.ktx.FirebaseCommonLegacyRegistrar"
133-->[com.google.firebase:firebase-common-ktx:20.4.2] AndroidManifest.xml:13:17-116
134                android:value="com.google.firebase.components.ComponentRegistrar" />
134-->[com.google.firebase:firebase-common-ktx:20.4.2] AndroidManifest.xml:14:17-82
135            <meta-data
135-->[com.google.firebase:firebase-common:20.4.2] AndroidManifest.xml:35:13-37:85
136                android:name="com.google.firebase.components:com.google.firebase.FirebaseCommonKtxRegistrar"
136-->[com.google.firebase:firebase-common:20.4.2] AndroidManifest.xml:36:17-109
137                android:value="com.google.firebase.components.ComponentRegistrar" />
137-->[com.google.firebase:firebase-common:20.4.2] AndroidManifest.xml:37:17-82
138        </service>
139        <service
139-->[androidx.camera:camera-camera2:1.3.4] AndroidManifest.xml:24:9-33:19
140            android:name="androidx.camera.core.impl.MetadataHolderService"
140-->[androidx.camera:camera-camera2:1.3.4] AndroidManifest.xml:25:13-75
141            android:enabled="false"
141-->[androidx.camera:camera-camera2:1.3.4] AndroidManifest.xml:26:13-36
142            android:exported="false" >
142-->[androidx.camera:camera-camera2:1.3.4] AndroidManifest.xml:27:13-37
143            <meta-data
143-->[androidx.camera:camera-camera2:1.3.4] AndroidManifest.xml:30:13-32:89
144                android:name="androidx.camera.core.impl.MetadataHolderService.DEFAULT_CONFIG_PROVIDER"
144-->[androidx.camera:camera-camera2:1.3.4] AndroidManifest.xml:31:17-103
145                android:value="androidx.camera.camera2.Camera2Config$DefaultProvider" />
145-->[androidx.camera:camera-camera2:1.3.4] AndroidManifest.xml:32:17-86
146        </service>
147
148        <provider
148-->[com.google.firebase:firebase-common:20.4.2] AndroidManifest.xml:23:9-28:39
149            android:name="com.google.firebase.provider.FirebaseInitProvider"
149-->[com.google.firebase:firebase-common:20.4.2] AndroidManifest.xml:24:13-77
150            android:authorities="org.tensorflow.lite.examples.imageclassification.firebaseinitprovider"
150-->[com.google.firebase:firebase-common:20.4.2] AndroidManifest.xml:25:13-72
151            android:directBootAware="true"
151-->[com.google.firebase:firebase-common:20.4.2] AndroidManifest.xml:26:13-43
152            android:exported="false"
152-->[com.google.firebase:firebase-common:20.4.2] AndroidManifest.xml:27:13-37
153            android:initOrder="100" />
153-->[com.google.firebase:firebase-common:20.4.2] AndroidManifest.xml:28:13-36
154
155        <activity
155-->[com.google.android.gms:play-services-base:18.0.1] AndroidManifest.xml:20:9-22:45
156            android:name="com.google.android.gms.common.api.GoogleApiActivity"
156-->[com.google.android.gms:play-services-base:18.0.1] AndroidManifest.xml:20:19-85
157            android:exported="false"
157-->[com.google.android.gms:play-services-base:18.0.1] AndroidManifest.xml:22:19-43
158            android:theme="@android:style/Theme.Translucent.NoTitleBar" />
158-->[com.google.android.gms:play-services-base:18.0.1] AndroidManifest.xml:21:19-78
159
160        <meta-data
160-->[com.google.android.gms:play-services-basement:18.1.0] AndroidManifest.xml:21:9-23:69
161            android:name="com.google.android.gms.version"
161-->[com.google.android.gms:play-services-basement:18.1.0] AndroidManifest.xml:22:13-58
162            android:value="@integer/google_play_services_version" />
162-->[com.google.android.gms:play-services-basement:18.1.0] AndroidManifest.xml:23:13-66
163
164        <provider
164-->[androidx.emoji2:emoji2:1.2.0] AndroidManifest.xml:24:9-32:20
165            android:name="androidx.startup.InitializationProvider"
165-->[androidx.emoji2:emoji2:1.2.0] AndroidManifest.xml:25:13-67
166            android:authorities="org.tensorflow.lite.examples.imageclassification.androidx-startup"
166-->[androidx.emoji2:emoji2:1.2.0] AndroidManifest.xml:26:13-68
167            android:exported="false" >
167-->[androidx.emoji2:emoji2:1.2.0] AndroidManifest.xml:27:13-37
168            <meta-data
168-->[androidx.emoji2:emoji2:1.2.0] AndroidManifest.xml:29:13-31:52
169                android:name="androidx.emoji2.text.EmojiCompatInitializer"
169-->[androidx.emoji2:emoji2:1.2.0] AndroidManifest.xml:30:17-75
170                android:value="androidx.startup" />
170-->[androidx.emoji2:emoji2:1.2.0] AndroidManifest.xml:31:17-49
171            <meta-data
171-->[androidx.lifecycle:lifecycle-process:2.6.1] AndroidManifest.xml:29:13-31:52
172                android:name="androidx.lifecycle.ProcessLifecycleInitializer"
172-->[androidx.lifecycle:lifecycle-process:2.6.1] AndroidManifest.xml:30:17-78
173                android:value="androidx.startup" />
173-->[androidx.lifecycle:lifecycle-process:2.6.1] AndroidManifest.xml:31:17-49
174            <meta-data
174-->[androidx.profileinstaller:profileinstaller:1.3.0] AndroidManifest.xml:29:13-31:52
175                android:name="androidx.profileinstaller.ProfileInstallerInitializer"
175-->[androidx.profileinstaller:profileinstaller:1.3.0] AndroidManifest.xml:30:17-85
176                android:value="androidx.startup" />
176-->[androidx.profileinstaller:profileinstaller:1.3.0] AndroidManifest.xml:31:17-49
177        </provider>
178
179        <uses-library
179-->[androidx.window:window:1.0.0] AndroidManifest.xml:25:9-27:40
180            android:name="androidx.window.extensions"
180-->[androidx.window:window:1.0.0] AndroidManifest.xml:26:13-54
181            android:required="false" />
181-->[androidx.window:window:1.0.0] AndroidManifest.xml:27:13-37
182        <uses-library
182-->[androidx.window:window:1.0.0] AndroidManifest.xml:28:9-30:40
183            android:name="androidx.window.sidecar"
183-->[androidx.window:window:1.0.0] AndroidManifest.xml:29:13-51
184            android:required="false" />
184-->[androidx.window:window:1.0.0] AndroidManifest.xml:30:13-37
185
186        <activity
186-->[com.journeyapps:zxing-android-embedded:4.3.0] AndroidManifest.xml:47:9-53:63
187            android:name="com.journeyapps.barcodescanner.CaptureActivity"
187-->[com.journeyapps:zxing-android-embedded:4.3.0] AndroidManifest.xml:48:13-74
188            android:clearTaskOnLaunch="true"
188-->[com.journeyapps:zxing-android-embedded:4.3.0] AndroidManifest.xml:49:13-45
189            android:screenOrientation="sensorLandscape"
189-->[com.journeyapps:zxing-android-embedded:4.3.0] AndroidManifest.xml:50:13-56
190            android:stateNotNeeded="true"
190-->[com.journeyapps:zxing-android-embedded:4.3.0] AndroidManifest.xml:51:13-42
191            android:theme="@style/zxing_CaptureTheme"
191-->[com.journeyapps:zxing-android-embedded:4.3.0] AndroidManifest.xml:52:13-54
192            android:windowSoftInputMode="stateAlwaysHidden" />
192-->[com.journeyapps:zxing-android-embedded:4.3.0] AndroidManifest.xml:53:13-60
193
194        <receiver
194-->[androidx.profileinstaller:profileinstaller:1.3.0] AndroidManifest.xml:34:9-52:20
195            android:name="androidx.profileinstaller.ProfileInstallReceiver"
195-->[androidx.profileinstaller:profileinstaller:1.3.0] AndroidManifest.xml:35:13-76
196            android:directBootAware="false"
196-->[androidx.profileinstaller:profileinstaller:1.3.0] AndroidManifest.xml:36:13-44
197            android:enabled="true"
197-->[androidx.profileinstaller:profileinstaller:1.3.0] AndroidManifest.xml:37:13-35
198            android:exported="true"
198-->[androidx.profileinstaller:profileinstaller:1.3.0] AndroidManifest.xml:38:13-36
199            android:permission="android.permission.DUMP" >
199-->[androidx.profileinstaller:profileinstaller:1.3.0] AndroidManifest.xml:39:13-57
200            <intent-filter>
200-->[androidx.profileinstaller:profileinstaller:1.3.0] AndroidManifest.xml:40:13-42:29
201                <action android:name="androidx.profileinstaller.action.INSTALL_PROFILE" />
201-->[androidx.profileinstaller:profileinstaller:1.3.0] AndroidManifest.xml:41:17-91
201-->[androidx.profileinstaller:profileinstaller:1.3.0] AndroidManifest.xml:41:25-88
202            </intent-filter>
203            <intent-filter>
203-->[androidx.profileinstaller:profileinstaller:1.3.0] AndroidManifest.xml:43:13-45:29
204                <action android:name="androidx.profileinstaller.action.SKIP_FILE" />
204-->[androidx.profileinstaller:profileinstaller:1.3.0] AndroidManifest.xml:44:17-85
204-->[androidx.profileinstaller:profileinstaller:1.3.0] AndroidManifest.xml:44:25-82
205            </intent-filter>
206            <intent-filter>
206-->[androidx.profileinstaller:profileinstaller:1.3.0] AndroidManifest.xml:46:13-48:29
207                <action android:name="androidx.profileinstaller.action.SAVE_PROFILE" />
207-->[androidx.profileinstaller:profileinstaller:1.3.0] AndroidManifest.xml:47:17-88
207-->[androidx.profileinstaller:profileinstaller:1.3.0] AndroidManifest.xml:47:25-85
208            </intent-filter>
209            <intent-filter>
209-->[androidx.profileinstaller:profileinstaller:1.3.0] AndroidManifest.xml:49:13-51:29
210                <action android:name="androidx.profileinstaller.action.BENCHMARK_OPERATION" />
210-->[androidx.profileinstaller:profileinstaller:1.3.0] AndroidManifest.xml:50:17-95
210-->[androidx.profileinstaller:profileinstaller:1.3.0] AndroidManifest.xml:50:25-92
211            </intent-filter>
212        </receiver>
213    </application>
214
215</manifest>